
2025-08-12 16:12:45,076 - INFO - 本地無有效 Cookie，執行登入程序。
2025-08-12 16:15:46,010 - INFO - 本地無有效 Cookie，執行登入程序。
2025-08-12 16:16:58,397 - INFO - 本地無有效 Cookie，執行登入程序。
2025-08-12 16:17:13,771 - INFO - 正在嘗試登入，第 1/10 次...
2025-08-12 16:17:19,286 - INFO - ddddocr 辨識結果: D6mn
2025-08-12 16:17:23,125 - INFO - 正在嘗試登入，第 2/10 次...
2025-08-12 16:17:23,703 - INFO - ddddocr 辨識結果: mTc3
2025-08-12 16:17:26,421 - INFO - 登入成功！URL 已變更。
2025-08-12 16:17:26,429 - INFO - Cookie 已成功儲存。
2025-08-12 16:17:27,049 - INFO - 開始處理 19 條資料
2025-08-12 16:17:27,714 - INFO - 已刪除明細紀錄: SA6D091894 課程年月: 202507
2025-08-12 16:17:27,725 - INFO - 已更新匯總紀錄: SA6D091894 課程年月: 202507
2025-08-12 16:17:28,091 - INFO - 已刪除明細紀錄: LA2G313936 課程年月: 202505
2025-08-12 16:17:28,104 - INFO - 已更新匯總紀錄: LA2G313936 課程年月: 202505
2025-08-12 16:17:28,973 - INFO - 已刪除明細紀錄: M06L479469 課程年月: 202507
2025-08-12 16:17:29,023 - INFO - 已新增 6 條明細紀錄: M06L479469 課程年月: 202507
2025-08-12 16:17:29,048 - INFO - 已更新匯總紀錄: M06L479469 課程年月: 202507
2025-08-12 16:17:29,467 - INFO - 已刪除明細紀錄: J220897082 課程年月: 202507
2025-08-12 16:17:29,484 - INFO - 已更新匯總紀錄: J220897082 課程年月: 202507
2025-08-12 16:17:30,463 - INFO - 已刪除明細紀錄: GA6000642C 課程年月: 202507
2025-08-12 16:17:30,518 - INFO - 已新增 10 條明細紀錄: GA6000642C 課程年月: 202507
2025-08-12 16:17:30,529 - INFO - 已更新匯總紀錄: GA6000642C 課程年月: 202507
2025-08-12 16:17:30,965 - INFO - 已刪除明細紀錄: RA6H439802 課程年月: 202507
2025-08-12 16:17:30,977 - INFO - 已更新匯總紀錄: RA6H439802 課程年月: 202507
2025-08-12 16:17:31,530 - INFO - 已刪除明細紀錄: RA6F384477 課程年月: 202507
2025-08-12 16:17:31,541 - INFO - 已更新匯總紀錄: RA6F384477 課程年月: 202507
2025-08-12 16:17:31,942 - INFO - 已刪除明細紀錄: NA2F810546 課程年月: 202507
2025-08-12 16:17:31,955 - INFO - 已更新匯總紀錄: NA2F810546 課程年月: 202507
2025-08-12 16:17:32,449 - INFO - 已刪除明細紀錄: IA2K709355 課程年月: 202507
2025-08-12 16:17:32,460 - INFO - 已更新匯總紀錄: IA2K709355 課程年月: 202507
2025-08-12 16:17:33,302 - INFO - 已刪除明細紀錄: DA2K855623 課程年月: 202507
2025-08-12 16:17:33,325 - INFO - 已更新匯總紀錄: DA2K855623 課程年月: 202507
2025-08-12 16:17:34,133 - INFO - 已刪除明細紀錄: NA6I333099 課程年月: 202507
2025-08-12 16:17:34,147 - INFO - 已新增 4 條明細紀錄: NA6I333099 課程年月: 202507
2025-08-12 16:17:34,158 - INFO - 已更新匯總紀錄: NA6I333099 課程年月: 202507
2025-08-12 16:17:34,754 - INFO - 已刪除明細紀錄: NA7F806613 課程年月: 202507
2025-08-12 16:17:34,766 - INFO - 已更新匯總紀錄: NA7F806613 課程年月: 202507
2025-08-12 16:17:35,221 - INFO - 已刪除明細紀錄: FA3E718853 課程年月: 202507
2025-08-12 16:17:35,232 - INFO - 已更新匯總紀錄: FA3E718853 課程年月: 202507
2025-08-12 16:17:35,647 - INFO - 已刪除明細紀錄: NA7D570730 課程年月: 202507
2025-08-12 16:17:35,662 - INFO - 已更新匯總紀錄: NA7D570730 課程年月: 202507
2025-08-12 16:17:36,166 - INFO - 已刪除明細紀錄: FA6H539171 課程年月: 202507
2025-08-12 16:17:36,177 - INFO - 已更新匯總紀錄: FA6H539171 課程年月: 202507
2025-08-12 16:17:36,601 - INFO - 已刪除明細紀錄: SA1J600634 課程年月: 202507
2025-08-12 16:17:36,613 - INFO - 已更新匯總紀錄: SA1J600634 課程年月: 202507
2025-08-12 16:17:37,300 - INFO - 已刪除明細紀錄: LA7D035995 課程年月: 202507
2025-08-12 16:17:37,317 - INFO - 已新增 4 條明細紀錄: LA7D035995 課程年月: 202507
2025-08-12 16:17:37,328 - INFO - 已更新匯總紀錄: LA7D035995 課程年月: 202507
2025-08-12 16:17:38,820 - INFO - 已刪除明細紀錄: RB1D003937 課程年月: 202507
2025-08-12 16:17:38,861 - INFO - 已新增 11 條明細紀錄: RB1D003937 課程年月: 202507
2025-08-12 16:17:38,872 - INFO - 已更新匯總紀錄: RB1D003937 課程年月: 202507
2025-08-12 16:17:39,294 - INFO - 已刪除明細紀錄: JA2J664435 課程年月: 202507
2025-08-12 16:17:39,312 - INFO - 已更新匯總紀錄: JA2J664435 課程年月: 202507
2025-08-12 16:17:42,055 - INFO - 處理完成: 成功 19/19 條
2025-08-12 16:33:01,233 - INFO - 開始處理 19 條資料
2025-08-12 16:33:01,937 - INFO - 已刪除明細紀錄: SA6D091894 課程年月: 202507
2025-08-12 16:33:01,948 - INFO - 已更新匯總紀錄: SA6D091894 課程年月: 202507
2025-08-12 16:33:02,975 - INFO - 已刪除明細紀錄: GA6000642C 課程年月: 202507
2025-08-12 16:33:03,026 - INFO - 已新增 10 條明細紀錄: GA6000642C 課程年月: 202507
2025-08-12 16:33:03,037 - INFO - 已更新匯總紀錄: GA6000642C 課程年月: 202507
2025-08-12 16:33:03,402 - INFO - 已刪除明細紀錄: J220897082 課程年月: 202507
2025-08-12 16:33:03,414 - INFO - 已更新匯總紀錄: J220897082 課程年月: 202507
2025-08-12 16:33:03,786 - INFO - 已刪除明細紀錄: LA2G313936 課程年月: 202505
2025-08-12 16:33:03,800 - INFO - 已更新匯總紀錄: LA2G313936 課程年月: 202505
2025-08-12 16:33:04,593 - INFO - 已刪除明細紀錄: M06L479469 課程年月: 202507
2025-08-12 16:33:04,625 - INFO - 已新增 6 條明細紀錄: M06L479469 課程年月: 202507
2025-08-12 16:33:04,638 - INFO - 已更新匯總紀錄: M06L479469 課程年月: 202507
2025-08-12 16:33:05,058 - INFO - 已刪除明細紀錄: RA6H439802 課程年月: 202507
2025-08-12 16:33:05,069 - INFO - 已更新匯總紀錄: RA6H439802 課程年月: 202507
2025-08-12 16:33:06,263 - INFO - 已刪除明細紀錄: RA6F384477 課程年月: 202507
2025-08-12 16:33:06,276 - INFO - 已更新匯總紀錄: RA6F384477 課程年月: 202507
2025-08-12 16:33:06,718 - INFO - 已刪除明細紀錄: DA2K855623 課程年月: 202507
2025-08-12 16:33:06,732 - INFO - 已更新匯總紀錄: DA2K855623 課程年月: 202507
2025-08-12 16:33:07,133 - INFO - 已刪除明細紀錄: NA2F810546 課程年月: 202507
2025-08-12 16:33:07,146 - INFO - 已更新匯總紀錄: NA2F810546 課程年月: 202507
2025-08-12 16:33:07,680 - INFO - 已刪除明細紀錄: IA2K709355 課程年月: 202507
2025-08-12 16:33:07,706 - INFO - 已更新匯總紀錄: IA2K709355 課程年月: 202507
2025-08-12 16:33:08,344 - INFO - 已刪除明細紀錄: NA6I333099 課程年月: 202507
2025-08-12 16:33:08,382 - INFO - 已新增 4 條明細紀錄: NA6I333099 課程年月: 202507
2025-08-12 16:33:08,394 - INFO - 已更新匯總紀錄: NA6I333099 課程年月: 202507
2025-08-12 16:33:08,799 - INFO - 已刪除明細紀錄: NA7F806613 課程年月: 202507
2025-08-12 16:33:08,810 - INFO - 已更新匯總紀錄: NA7F806613 課程年月: 202507
2025-08-12 16:33:09,255 - INFO - 已刪除明細紀錄: FA3E718853 課程年月: 202507
2025-08-12 16:33:09,267 - INFO - 已更新匯總紀錄: FA3E718853 課程年月: 202507
2025-08-12 16:33:09,696 - INFO - 已刪除明細紀錄: NA7D570730 課程年月: 202507
2025-08-12 16:33:09,707 - INFO - 已更新匯總紀錄: NA7D570730 課程年月: 202507
2025-08-12 16:33:10,150 - INFO - 已刪除明細紀錄: FA6H539171 課程年月: 202507
2025-08-12 16:33:10,161 - INFO - 已更新匯總紀錄: FA6H539171 課程年月: 202507
2025-08-12 16:33:11,167 - INFO - 已刪除明細紀錄: SA1J600634 課程年月: 202507
2025-08-12 16:33:11,178 - INFO - 已更新匯總紀錄: SA1J600634 課程年月: 202507
2025-08-12 16:33:12,406 - INFO - 已刪除明細紀錄: LA7D035995 課程年月: 202507
2025-08-12 16:33:12,421 - INFO - 已新增 4 條明細紀錄: LA7D035995 課程年月: 202507
2025-08-12 16:33:12,431 - INFO - 已更新匯總紀錄: LA7D035995 課程年月: 202507
2025-08-12 16:33:12,925 - INFO - 已刪除明細紀錄: JA2J664435 課程年月: 202507
2025-08-12 16:33:12,937 - INFO - 已更新匯總紀錄: JA2J664435 課程年月: 202507
2025-08-12 16:33:14,019 - INFO - 已刪除明細紀錄: RB1D003937 課程年月: 202507
2025-08-12 16:33:14,056 - INFO - 已新增 11 條明細紀錄: RB1D003937 課程年月: 202507
2025-08-12 16:33:14,067 - INFO - 已更新匯總紀錄: RB1D003937 課程年月: 202507
2025-08-12 16:33:16,261 - INFO - 處理完成: 成功 19/19 條
